<?xml version="1.0" encoding="UTF-8"?>
<!-- Generated by org.testng.reporters.JUnitReportReporter -->
<testsuite hostname="DESKTOP-DOPJII7" failures="0" tests="5" name="com.OHRM.BaseTest" time="0.013" errors="0" timestamp="2024-02-08T20:48:40 IST" skipped="1">
  <testcase classname="com.OHRM.BaseTest" name="logInTest" time="0.006"/>
  <system-out/>
  <testcase classname="com.OHRM.BaseTest" name="inBoxTest" time="0.001"/>
  <system-out/>
  <testcase classname="com.OHRM.BaseTest" name="ComposeMailTest" time="0.003"/>
  <system-out/>
  <testcase classname="com.OHRM.BaseTest" name="sentMail" time="0.003"/>
  <system-out/>
  <testcase classname="com.OHRM.BaseTest" name="draftsTest">
    <skipped/>
  </testcase> <!-- draftsTest -->
  <system-out/>
</testsuite> <!-- com.OHRM.BaseTest -->
