<?xml version="1.0" encoding="UTF-8"?>
<!-- Generated by org.testng.reporters.JUnitReportReporter -->
<testsuite hostname="DESKTOP-DOPJII7" failures="0" tests="5" name="com_TestNG.Annotation_2java" time="0.007" errors="0" timestamp="2024-02-21T15:52:41 IST" skipped="1">
  <testcase classname="com_TestNG.Annotation_2java" name="LoginTest" time="0.001"/>
  <system-out/>
  <testcase classname="com_TestNG.Annotation_2java" name="inboxtest" time="0.001"/>
  <system-out/>
  <testcase classname="com_TestNG.Annotation_2java" name="composemailTest" time="0.004"/>
  <system-out/>
  <testcase classname="com_TestNG.Annotation_2java" name="sentmail" time="0.001"/>
  <system-out/>
  <testcase classname="com_TestNG.Annotation_2java" name="draftsTest">
    <skipped/>
  </testcase> <!-- draftsTest -->
  <system-out/>
</testsuite> <!-- com_TestNG.Annotation_2java -->
