<?xml version="1.0" encoding="UTF-8"?>
<!-- Generated by org.testng.reporters.JUnitReportReporter -->
<testsuite hostname="DESKTOP-DOPJII7" failures="0" tests="7" name="com_TestNG.Annotation_1" time="0.017" errors="0" timestamp="2024-02-21T15:52:41 IST" skipped="1">
  <testcase classname="com_TestNG.Annotation_1" name="applicationLaunch" time="0.008"/>
  <system-out/>
  <testcase classname="com_TestNG.Annotation_1" name="LoginTest" time="0.001"/>
  <system-out/>
  <testcase classname="com_TestNG.Annotation_1" name="inboxTest" time="0.001"/>
  <system-out/>
  <testcase classname="com_TestNG.Annotation_1" name="ComposeMailTest" time="0.001"/>
  <system-out/>
  <testcase classname="com_TestNG.Annotation_1" name="sentMail" time="0.002"/>
  <system-out/>
  <testcase classname="com_TestNG.Annotation_1" name="close" time="0.004"/>
  <system-out/>
  <testcase classname="com_TestNG.Annotation_1" name="draftsTest">
    <skipped/>
  </testcase> <!-- draftsTest -->
  <system-out/>
</testsuite> <!-- com_TestNG.Annotation_1 -->
